GROUP,PACKAGE,CLASS,INSTRUCTION_MISSED,INSTRUCTION_COVERED,BRANCH_MISSED,BRANCH_COVERED,LINE_MISSED,LINE_COVERED,COMPLEXITY_MISSED,COMPLEXITY_COVERED,METHOD_MISSED,METHOD_COVERED
MTP_Lab5,serialization,Book,7,172,6,14,0,32,5,18,0,13
MTP_Lab5,serialization,Chapter,7,80,4,8,0,14,3,12,0,9
MTP_Lab5,serialization,GSONSerialization,60,51,12,4,0,10,8,3,0,3
MTP_Lab5,serialization,JacksonSerialization,0,28,0,0,0,6,0,3,0,3
MTP_Lab5,serialization,JSONSerialization,33,101,6,4,0,17,4,4,0,3
MTP_Lab5,serialization,Main,9,131,1,3,1,34,1,7,0,6
